<?xml version="1.0" encoding="UTF-8"?>
<!-- Generated by org.testng.reporters.JUnitReportReporter -->
<testsuite hostname="DESKTOP-QGRJC6G" failures="0" tests="9" name="com.driveyway.DriveYourWayTests" time="123.084" errors="0" timestamp="2022-10-13T12:16:50 IST" skipped="0">
  <testcase classname="com.driveyway.DriveYourWayTests" name="userlogin" time="26.430"/>
  <system-out/>
  <testcase classname="com.driveyway.DriveYourWayTests" name="ScrollBar" time="2.041"/>
  <system-out/>
  <testcase classname="com.driveyway.DriveYourWayTests" name="scroll" time="7.064"/>
  <system-out/>
  <testcase classname="com.driveyway.DriveYourWayTests" name="car" time="17.520"/>
  <system-out/>
  <testcase classname="com.driveyway.DriveYourWayTests" name="search" time="10.240"/>
  <system-out/>
  <testcase classname="com.driveyway.DriveYourWayTests" name="cart" time="10.771"/>
  <system-out/>
  <testcase classname="com.driveyway.DriveYourWayTests" name="sellcar" time="19.049"/>
  <system-out/>
  <testcase classname="com.driveyway.DriveYourWayTests" name="adminlogin" time="11.078"/>
  <system-out/>
  <testcase classname="com.driveyway.DriveYourWayTests" name="addproduct" time="18.891"/>
  <system-out/>
</testsuite> <!-- com.driveyway.DriveYourWayTests -->
